<?xml version="1.0" encoding="UTF-8"?>
<robot generator="Robot 3.2.1 (Python 3.8.5 on win32)" generated="20200826 21:18:05.006" rpa="false">
<suite id="s1" name="Buscador" source="C:\ProjetoAprendizado\testsCases\Buscador.robot">
<test id="s1-t1" name="Caso de teste 01: Validar busca de pesquisa">
<kw name="Dado que o usuário acessou o buscador" library="resource">
<kw name="Open Browser" library="SeleniumLibrary">
<doc>Opens a new browser instance to the optional ``url``.</doc>
<arguments>
<arg>${URL}</arg>
<arg>${Browser}</arg>
</arguments>
<msg timestamp="20200826 21:18:05.195" level="INFO">Opening browser 'chrome' to base url 'https://www.google.com.br/'.</msg>
<status status="PASS" starttime="20200826 21:18:05.195" endtime="20200826 21:18:09.780"></status>
</kw>
<kw name="Title Should Be" library="SeleniumLibrary">
<doc>Verifies that the current page title equals ``title``.</doc>
<arguments>
<arg>${Title}</arg>
</arguments>
<msg timestamp="20200826 21:18:09.787" level="INFO">Page title is 'Google'.</msg>
<status status="PASS" starttime="20200826 21:18:09.780" endtime="20200826 21:18:09.787"></status>
</kw>
<status status="PASS" starttime="20200826 21:18:05.194" endtime="20200826 21:18:09.787"></status>
</kw>
<kw name="Quando digitar &quot;teste de software&quot; no campo de pesquisa" library="resource">
<kw name="Input Text" library="SeleniumLibrary">
<doc>Types the given ``text`` into the text field identified by ``locator``.</doc>
<arguments>
<arg>${InputSearch}</arg>
<arg>${campoPesquisar}</arg>
</arguments>
<msg timestamp="20200826 21:18:09.788" level="INFO">Typing text 'teste de software' into text field 'name=q'.</msg>
<status status="PASS" starttime="20200826 21:18:09.788" endtime="20200826 21:18:09.948"></status>
</kw>
<status status="PASS" starttime="20200826 21:18:09.788" endtime="20200826 21:18:09.948"></status>
</kw>
<kw name="E clicar no botão pesquisar" library="resource">
<kw name="Submit Form" library="SeleniumLibrary">
<doc>Submits a form identified by ``locator``.</doc>
<arguments>
<arg>${Form}</arg>
</arguments>
<msg timestamp="20200826 21:18:09.950" level="INFO">Submitting form 'id=tsf'.</msg>
<status status="PASS" starttime="20200826 21:18:09.949" endtime="20200826 21:18:11.377"></status>
</kw>
<status status="PASS" starttime="20200826 21:18:09.949" endtime="20200826 21:18:11.377"></status>
</kw>
<kw name="Então o buscador exibe o resultado da pesquisa &quot;teste de software - Pesquisa Google&quot;" library="resource">
<kw name="Title Should Be" library="SeleniumLibrary">
<doc>Verifies that the current page title equals ``title``.</doc>
<arguments>
<arg>${ResultSearch}</arg>
</arguments>
<msg timestamp="20200826 21:18:11.388" level="INFO">Page title is 'teste de software - Pesquisa Google'.</msg>
<status status="PASS" starttime="20200826 21:18:11.380" endtime="20200826 21:18:11.389"></status>
</kw>
<status status="PASS" starttime="20200826 21:18:11.377" endtime="20200826 21:18:11.389"></status>
</kw>
<kw name="Fechar navegador" library="resource" type="teardown">
<kw name="Close Browser" library="SeleniumLibrary">
<doc>Closes the current browser.</doc>
<status status="PASS" starttime="20200826 21:18:11.390" endtime="20200826 21:18:13.541"></status>
</kw>
<status status="PASS" starttime="20200826 21:18:11.390" endtime="20200826 21:18:13.542"></status>
</kw>
<status status="PASS" starttime="20200826 21:18:05.194" endtime="20200826 21:18:13.544" critical="yes"></status>
</test>
<status status="PASS" starttime="20200826 21:18:05.011" endtime="20200826 21:18:13.549"></status>
</suite>
<statistics>
<total>
<stat pass="1" fail="0">Critical Tests</stat>
<stat pass="1" fail="0">All Tests</stat>
</total>
<tag>
</tag>
<suite>
<stat pass="1" fail="0" id="s1" name="Buscador">Buscador</stat>
</suite>
</statistics>
<errors>
</errors>
</robot>
